<?xml version="1.0" encoding="UTF-8"?>
<!-- Generated by org.testng.reporters.JUnitReportReporter -->
<testsuite hostname="LAPTOP-QTKNQFTM" failures="0" tests="1" name="testcases.LoignTestCases" time="1.796" errors="0" timestamp="2024-06-26T19:43:01 IST" skipped="0">
  <testcase classname="testcases.LoignTestCases" name="validLoginTest" time="1.796"/>
</testsuite> <!-- testcases.LoignTestCases -->
